<?xml version="1.0" encoding="UTF-8"?>
<testng-results ignored="0" total="1" passed="1" failed="0" skipped="0">
  <reporter-output>
  </reporter-output>
  <suite started-at="2025-03-20T16:04:42 IST" name="Default suite" finished-at="2025-03-20T16:04:47 IST" duration-ms="4175">
    <groups>
    </groups>
    <test started-at="2025-03-20T16:04:42 IST" name="Default test" finished-at="2025-03-20T16:04:47 IST" duration-ms="4175">
      <class name="jiraAPIAutomation.CreateBugJira">
        <test-method signature="createBug()[pri:0, instance:jiraAPIAutomation.CreateBugJira@21282ed8]" started-at="2025-03-20T16:04:42 IST" name="createBug" finished-at="2025-03-20T16:04:47 IST" duration-ms="4136" status="PASS">
          <reporter-output>
          </reporter-output>
        </test-method> <!-- createBug -->
      </class> <!-- jiraAPIAutomation.CreateBugJira -->
    </test> <!-- Default test -->
  </suite> <!-- Default suite -->
</testng-results>
